<?xml version="1.0" encoding="utf-8"?><testsuites name="pytest tests"><testsuite name="pytest" errors="0" failures="0" skipped="0" tests="19" time="5.007" timestamp="2026-01-24T03:47:51.854275+00:00" hostname="agent-env-886618c7-5ad1-4f10-b7d7-de47e28d5489"><testcase classname="backend.tests.test_brainyx_api.TestHealthEndpoints" name="test_health_check" time="0.077" /><testcase classname="backend.tests.test_brainyx_api.TestHealthEndpoints" name="test_root_endpoint" time="0.038" /><testcase classname="backend.tests.test_brainyx_api.TestPlansEndpoint" name="test_get_plans" time="0.039" /><testcase classname="backend.tests.test_brainyx_api.TestAuthFlow" name="test_register_new_user" time="0.415" /><testcase classname="backend.tests.test_brainyx_api.TestAuthFlow" name="test_register_duplicate_email" time="0.453" /><testcase classname="backend.tests.test_brainyx_api.TestAuthFlow" name="test_login_success" time="0.297" /><testcase classname="backend.tests.test_brainyx_api.TestAuthFlow" name="test_login_invalid_credentials" time="0.065" /><testcase classname="backend.tests.test_brainyx_api.TestAuthFlow" name="test_get_current_user" time="0.110" /><testcase classname="backend.tests.test_brainyx_api.TestUsageEndpoint" name="test_get_usage_authenticated" time="0.411" /><testcase classname="backend.tests.test_brainyx_api.TestUsageEndpoint" name="test_get_usage_unauthenticated" time="0.036" /><testcase classname="backend.tests.test_brainyx_api.TestAPIKeysEndpoint" name="test_get_api_keys_empty" time="0.466" /><testcase classname="backend.tests.test_brainyx_api.TestAPIKeysEndpoint" name="test_create_api_key" time="0.340" /><testcase classname="backend.tests.test_brainyx_api.TestAPIKeysEndpoint" name="test_get_api_keys_unauthenticated" time="0.034" /><testcase classname="backend.tests.test_brainyx_api.TestStripeCheckout" name="test_create_checkout_session_promocion" time="0.894" /><testcase classname="backend.tests.test_brainyx_api.TestStripeCheckout" name="test_create_checkout_session_estandar" time="0.462" /><testcase classname="backend.tests.test_brainyx_api.TestStripeCheckout" name="test_create_checkout_session_premium" time="0.492" /><testcase classname="backend.tests.test_brainyx_api.TestStripeCheckout" name="test_create_checkout_session_invalid_plan" time="0.061" /><testcase classname="backend.tests.test_brainyx_api.TestStripeCheckout" name="test_create_checkout_session_unauthenticated" time="0.035" /><testcase classname="backend.tests.test_brainyx_api.TestExistingUserLogin" name="test_login_test_user" time="0.114" /></testsuite></testsuites>